<?xml version="1.0" encoding="UTF-8"?>
<!-- Generated by org.testng.reporters.JUnitXMLReporter -->
<testsuite ignored="0" hostname="MININT-AC2OSS5" failures="0" tests="3" name="Default test" time="129.838" errors="0" timestamp="2022-03-27T09:41:47 IST">
  <testcase classname="PaceMatic.qaClickAppTests.HomePageTest" name="BasePageNavigation" time="3.017"/>
  <testcase classname="PaceMatic.qaClickAppTests.HomePageTest" name="BasePageNavigation" time="1.61"/>
  <testcase classname="PaceMatic.qaClickAppTests.HomePageTest" name="BasePageNavigation" time="1.8"/>
</testsuite> <!-- Default test -->
