<?xml version="1.0" encoding="UTF-8"?>
<!-- Generated by org.testng.reporters.JUnitXMLReporter -->
<testsuite ignored="3" hostname="MININT-AC2OSS5" failures="0" tests="0" name="OHRM" time="0.114" errors="0" timestamp="2022-03-27T09:57:29 IST">
  <testcase classname="PaceMatic.OHRMAppTests.OHRMLoginLogoutTestNGTest" name="loginLogoutTest" time="0.0">
    <ignored/>
  </testcase> <!-- loginLogoutTest -->
  <testcase classname="PaceMatic.OHRMAppTests.OHRMForgotPasswordTest" name="ForgotPasswordTest" time="0.0">
    <ignored/>
  </testcase> <!-- ForgotPasswordTest -->
  <testcase classname="PaceMatic.OHRMAppTests.OHRMDataDrivenTest" name="LoginDDTTest" time="0.0">
    <ignored/>
  </testcase> <!-- LoginDDTTest -->
</testsuite> <!-- OHRM -->
