<?xml version="1.0" encoding="UTF-8"?>
<!-- Generated by org.testng.reporters.JUnitXMLReporter -->
<testsuite ignored="3" hostname="MININT-AC2OSS5" failures="0" tests="0" time="0.004" errors="0" timestamp="2022-03-27T09:53:53 IST">
  <testcase classname="PaceMatic.qaClickAppTests.ValidateNavigationBar" name="NavigationBarTest" time="0.0">
    <ignored/>
  </testcase> <!-- NavigationBarTest -->
  <testcase classname="PaceMatic.qaClickAppTests.ValidateTitle" name="TitleTest" time="0.0">
    <ignored/>
  </testcase> <!-- TitleTest -->
  <testcase classname="PaceMatic.qaClickAppTests.HomePageTest" name="BasePageNavigation" time="0.0">
    <ignored/>
  </testcase> <!-- BasePageNavigation -->
</testsuite>
