<?xml version="1.0" encoding="UTF-8"?>
<testng-results ignored="7" total="7" passed="0" failed="0" skipped="0">
  <reporter-output>
  </reporter-output>
  <suite started-at="2022-03-27T09:53:52 IST" name="Suite" finished-at="2022-03-27T09:53:53 IST" duration-ms="847">
    <groups>
    </groups>
    <test started-at="2022-03-27T09:53:52 IST" name="OHRM" finished-at="2022-03-27T09:53:52 IST" duration-ms="12">
    </test> <!-- OHRM -->
    <test started-at="2022-03-27T09:53:53 IST" name="QAClick" finished-at="2022-03-27T09:53:53 IST" duration-ms="4">
    </test> <!-- QAClick -->
  </suite> <!-- Suite -->
</testng-results>
